<?xml version="1.0" encoding="UTF-8"?>
<testng-results ignored="0" total="1" passed="1" failed="0" skipped="0">
  <reporter-output>
    <line>
      <![CDATA[Open Browser "OrangeHRM" web page]]>
    </line>
    <line>
      <![CDATA[Open Browser \"OrangeHRM\" web page]]>
    </line>
    <line>
      <![CDATA[Validate that you have logged in successfully]]>
    </line>
    <line>
      <![CDATA[Click Admin - Go to the admin page]]>
    </line>
    <line>
      <![CDATA[Click Add]]>
    </line>
    <line>
      <![CDATA[Enter valid Employee Name]]>
    </line>
    <line>
      <![CDATA[Enter valid username]]>
    </line>
    <line>
      <![CDATA[Change Status Disabled]]>
    </line>
    <line>
      <![CDATA[Enter new password and confirm]]>
    </line>
    <line>
      <![CDATA[Click Save]]>
    </line>
    <line>
      <![CDATA[Search username in field "Username"]]>
    </line>
    <line>
      <![CDATA[Click Search]]>
    </line>
    <line>
      <![CDATA[Verify username exist in table]]>
    </line>
    <line>
      <![CDATA[Log out]]>
    </line>
    <line>
      <![CDATA[Close Browser]]>
    </line>
  </reporter-output>
  <suite started-at="2021-07-03T13:00:37Z" name="Default suite" finished-at="2021-07-03T13:01:06Z" duration-ms="29687">
    <groups>
    </groups>
    <test started-at="2021-07-03T13:00:37Z" name="Default test" finished-at="2021-07-03T13:01:06Z" duration-ms="29687">
      <class name="com.opensourse.admin.qa.TC005_Admin_CreateUserDisabled">
        <test-method is-config="true" signature="beforeTest()[pri:0, instance:com.opensourse.admin.qa.TC005_Admin_CreateUserDisabled@19e7a160]" started-at="2021-07-03T13:00:37Z" name="beforeTest" finished-at="2021-07-03T13:00:37Z" duration-ms="20" status="PASS">
          <reporter-output>
          </reporter-output>
        </test-method> <!-- beforeTest -->
        <test-method signature="TC005_Admin_CreateUserDisabled_Script()[pri:0, instance:com.opensourse.admin.qa.TC005_Admin_CreateUserDisabled@19e7a160]" started-at="2021-07-03T13:00:37Z" name="TC005_Admin_CreateUserDisabled_Script" finished-at="2021-07-03T13:01:06Z" duration-ms="29632" status="PASS">
          <reporter-output>
            <line>
              <![CDATA[Open Browser "OrangeHRM" web page]]>
            </line>
            <line>
              <![CDATA[Open Browser \"OrangeHRM\" web page]]>
            </line>
            <line>
              <![CDATA[Validate that you have logged in successfully]]>
            </line>
            <line>
              <![CDATA[Click Admin - Go to the admin page]]>
            </line>
            <line>
              <![CDATA[Click Add]]>
            </line>
            <line>
              <![CDATA[Enter valid Employee Name]]>
            </line>
            <line>
              <![CDATA[Enter valid username]]>
            </line>
            <line>
              <![CDATA[Change Status Disabled]]>
            </line>
            <line>
              <![CDATA[Enter new password and confirm]]>
            </line>
            <line>
              <![CDATA[Click Save]]>
            </line>
            <line>
              <![CDATA[Search username in field "Username"]]>
            </line>
            <line>
              <![CDATA[Click Search]]>
            </line>
            <line>
              <![CDATA[Verify username exist in table]]>
            </line>
            <line>
              <![CDATA[Log out]]>
            </line>
            <line>
              <![CDATA[Close Browser]]>
            </line>
          </reporter-output>
        </test-method> <!-- TC005_Admin_CreateUserDisabled_Script -->
        <test-method is-config="true" signature="afterTest()[pri:0, instance:com.opensourse.admin.qa.TC005_Admin_CreateUserDisabled@19e7a160]" started-at="2021-07-03T13:01:06Z" name="afterTest" finished-at="2021-07-03T13:01:06Z" duration-ms="0" status="PASS">
          <reporter-output>
          </reporter-output>
        </test-method> <!-- afterTest -->
      </class> <!-- com.opensourse.admin.qa.TC005_Admin_CreateUserDisabled -->
    </test> <!-- Default test -->
  </suite> <!-- Default suite -->
</testng-results>
